<?xml version="1.0" encoding="UTF-8"?>
<coverage generated="1764209231583" clover="3.2.0">
  <project timestamp="1764209231583" name="All files">
    <metrics statements="66" coveredstatements="62" conditionals="23" coveredconditionals="21" methods="13" coveredmethods="13" elements="102" coveredelements="96" complexity="0" loc="66" ncloc="66" packages="1" files="1" classes="1"/>
    <file name="calculadora.js" path="C:\projetos\Faculdade\calculadora-testes\src\calculadora.js">
      <metrics statements="66" coveredstatements="62" conditionals="23" coveredconditionals="21" methods="13" coveredmethods="13"/>
      <line num="2" count="1" type="stmt"/>
      <line num="5" count="1" type="stmt"/>
      <line num="6" count="1" type="stmt"/>
      <line num="9" count="137" type="stmt"/>
      <line num="15" count="137" type="cond" truecount="2" falsecount="0"/>
      <line num="16" count="90" type="stmt"/>
      <line num="21" count="253" type="cond" truecount="4" falsecount="0"/>
      <line num="22" count="6" type="stmt"/>
      <line num="24" count="247" type="stmt"/>
      <line num="28" count="107" type="stmt"/>
      <line num="29" count="106" type="stmt"/>
      <line num="30" count="106" type="stmt"/>
      <line num="31" count="106" type="stmt"/>
      <line num="32" count="106" type="stmt"/>
      <line num="36" count="2" type="stmt"/>
      <line num="37" count="1" type="stmt"/>
      <line num="38" count="1" type="stmt"/>
      <line num="39" count="1" type="stmt"/>
      <line num="40" count="1" type="stmt"/>
      <line num="44" count="5" type="stmt"/>
      <line num="45" count="5" type="stmt"/>
      <line num="46" count="5" type="stmt"/>
      <line num="47" count="5" type="stmt"/>
      <line num="48" count="5" type="stmt"/>
      <line num="52" count="6" type="stmt"/>
      <line num="53" count="5" type="stmt"/>
      <line num="55" count="4" type="cond" truecount="2" falsecount="0"/>
      <line num="56" count="2" type="stmt"/>
      <line num="59" count="2" type="stmt"/>
      <line num="60" count="2" type="stmt"/>
      <line num="61" count="2" type="stmt"/>
      <line num="65" count="2" type="stmt"/>
      <line num="66" count="2" type="stmt"/>
      <line num="67" count="2" type="stmt"/>
      <line num="68" count="2" type="stmt"/>
      <line num="69" count="2" type="stmt"/>
      <line num="73" count="1" type="stmt"/>
      <line num="75" count="1" type="cond" truecount="1" falsecount="1"/>
      <line num="76" count="1" type="stmt"/>
      <line num="79" count="0" type="stmt"/>
      <line num="80" count="0" type="stmt"/>
      <line num="81" count="0" type="stmt"/>
      <line num="85" count="6" type="stmt"/>
      <line num="86" count="5" type="stmt"/>
      <line num="87" count="4" type="stmt"/>
      <line num="88" count="4" type="stmt"/>
      <line num="89" count="4" type="stmt"/>
      <line num="93" count="5" type="stmt"/>
      <line num="97" count="30" type="stmt"/>
      <line num="101" count="29" type="cond" truecount="2" falsecount="0"/>
      <line num="102" count="1" type="stmt"/>
      <line num="106" count="28" type="stmt"/>
      <line num="109" count="28" type="cond" truecount="2" falsecount="0"/>
      <line num="110" count="5" type="stmt"/>
      <line num="113" count="23" type="stmt"/>
      <line num="115" count="23" type="stmt"/>
      <line num="123" count="23" type="stmt"/>
      <line num="125" count="19" type="cond" truecount="5" falsecount="0"/>
      <line num="126" count="2" type="stmt"/>
      <line num="129" count="17" type="stmt"/>
      <line num="130" count="17" type="stmt"/>
      <line num="132" count="6" type="stmt"/>
      <line num="136" count="1" type="stmt"/>
      <line num="151" count="1" type="cond" truecount="3" falsecount="1"/>
      <line num="152" count="1" type="stmt"/>
      <line num="154" count="0" type="stmt"/>
    </file>
  </project>
</coverage>
