{"C:\\projetos\\Faculdade\\calculadora-testes\\src\\calculadora.js": {"path":"C:\\projetos\\Faculdade\\calculadora-testes\\src\\calculadora.js","statementMap":{"0":{"start":{"line":2,"column":20},"end":{"line":148,"column":4}},"1":{"start":{"line":5,"column":22},"end":{"line":5,"column":24}},"2":{"start":{"line":6,"column":26},"end":{"line":6,"column":28}},"3":{"start":{"line":9,"column":8},"end":{"line":13,"column":11}},"4":{"start":{"line":15,"column":8},"end":{"line":17,"column":9}},"5":{"start":{"line":16,"column":12},"end":{"line":16,"column":28}},"6":{"start":{"line":21,"column":8},"end":{"line":23,"column":9}},"7":{"start":{"line":22,"column":12},"end":{"line":22,"column":63}},"8":{"start":{"line":24,"column":8},"end":{"line":24,"column":20}},"9":{"start":{"line":28,"column":8},"end":{"line":28,"column":25}},"10":{"start":{"line":29,"column":8},"end":{"line":29,"column":25}},"11":{"start":{"line":30,"column":26},"end":{"line":30,"column":31}},"12":{"start":{"line":31,"column":8},"end":{"line":31,"column":53}},"13":{"start":{"line":32,"column":8},"end":{"line":32,"column":25}},"14":{"start":{"line":36,"column":8},"end":{"line":36,"column":25}},"15":{"start":{"line":37,"column":8},"end":{"line":37,"column":25}},"16":{"start":{"line":38,"column":26},"end":{"line":38,"column":31}},"17":{"start":{"line":39,"column":8},"end":{"line":39,"column":53}},"18":{"start":{"line":40,"column":8},"end":{"line":40,"column":25}},"19":{"start":{"line":44,"column":8},"end":{"line":44,"column":25}},"20":{"start":{"line":45,"column":8},"end":{"line":45,"column":25}},"21":{"start":{"line":46,"column":26},"end":{"line":46,"column":31}},"22":{"start":{"line":47,"column":8},"end":{"line":47,"column":53}},"23":{"start":{"line":48,"column":8},"end":{"line":48,"column":25}},"24":{"start":{"line":52,"column":8},"end":{"line":52,"column":25}},"25":{"start":{"line":53,"column":8},"end":{"line":53,"column":25}},"26":{"start":{"line":55,"column":8},"end":{"line":57,"column":9}},"27":{"start":{"line":56,"column":12},"end":{"line":56,"column":64}},"28":{"start":{"line":59,"column":26},"end":{"line":59,"column":31}},"29":{"start":{"line":60,"column":8},"end":{"line":60,"column":53}},"30":{"start":{"line":61,"column":8},"end":{"line":61,"column":25}},"31":{"start":{"line":65,"column":8},"end":{"line":65,"column":28}},"32":{"start":{"line":66,"column":8},"end":{"line":66,"column":32}},"33":{"start":{"line":67,"column":26},"end":{"line":67,"column":50}},"34":{"start":{"line":68,"column":8},"end":{"line":68,"column":61}},"35":{"start":{"line":69,"column":8},"end":{"line":69,"column":25}},"36":{"start":{"line":73,"column":8},"end":{"line":73,"column":27}},"37":{"start":{"line":75,"column":8},"end":{"line":77,"column":9}},"38":{"start":{"line":76,"column":12},"end":{"line":76,"column":88}},"39":{"start":{"line":79,"column":26},"end":{"line":79,"column":40}},"40":{"start":{"line":80,"column":8},"end":{"line":80,"column":49}},"41":{"start":{"line":81,"column":8},"end":{"line":81,"column":25}},"42":{"start":{"line":85,"column":8},"end":{"line":85,"column":27}},"43":{"start":{"line":86,"column":8},"end":{"line":86,"column":31}},"44":{"start":{"line":87,"column":26},"end":{"line":87,"column":47}},"45":{"start":{"line":88,"column":8},"end":{"line":88,"column":63}},"46":{"start":{"line":89,"column":8},"end":{"line":89,"column":25}},"47":{"start":{"line":93,"column":8},"end":{"line":93,"column":30}},"48":{"start":{"line":97,"column":8},"end":{"line":97,"column":29}},"49":{"start":{"line":101,"column":8},"end":{"line":103,"column":9}},"50":{"start":{"line":102,"column":12},"end":{"line":102,"column":61}},"51":{"start":{"line":106,"column":26},"end":{"line":106,"column":55}},"52":{"start":{"line":109,"column":8},"end":{"line":111,"column":9}},"53":{"start":{"line":110,"column":12},"end":{"line":110,"column":69}},"54":{"start":{"line":113,"column":8},"end":{"line":133,"column":9}},"55":{"start":{"line":115,"column":36},"end":{"line":120,"column":58}},"56":{"start":{"line":123,"column":30},"end":{"line":123,"column":90}},"57":{"start":{"line":125,"column":12},"end":{"line":127,"column":13}},"58":{"start":{"line":126,"column":16},"end":{"line":126,"column":54}},"59":{"start":{"line":129,"column":12},"end":{"line":129,"column":53}},"60":{"start":{"line":130,"column":12},"end":{"line":130,"column":29}},"61":{"start":{"line":132,"column":12},"end":{"line":132,"column":79}},"62":{"start":{"line":136,"column":4},"end":{"line":147,"column":6}},"63":{"start":{"line":151,"column":0},"end":{"line":155,"column":1}},"64":{"start":{"line":152,"column":4},"end":{"line":152,"column":33}},"65":{"start":{"line":154,"column":4},"end":{"line":154,"column":37}}},"fnMap":{"0":{"name":"(anonymous_0)","decl":{"start":{"line":2,"column":21},"end":{"line":2,"column":22}},"loc":{"start":{"line":2,"column":32},"end":{"line":148,"column":1}},"line":2},"1":{"name":"adicionarHistorico","decl":{"start":{"line":8,"column":13},"end":{"line":8,"column":31}},"loc":{"start":{"line":8,"column":53},"end":{"line":18,"column":5}},"line":8},"2":{"name":"validarNumero","decl":{"start":{"line":20,"column":13},"end":{"line":20,"column":26}},"loc":{"start":{"line":20,"column":32},"end":{"line":25,"column":5}},"line":20},"3":{"name":"somar","decl":{"start":{"line":27,"column":13},"end":{"line":27,"column":18}},"loc":{"start":{"line":27,"column":25},"end":{"line":33,"column":5}},"line":27},"4":{"name":"subtrair","decl":{"start":{"line":35,"column":13},"end":{"line":35,"column":21}},"loc":{"start":{"line":35,"column":28},"end":{"line":41,"column":5}},"line":35},"5":{"name":"multiplicar","decl":{"start":{"line":43,"column":13},"end":{"line":43,"column":24}},"loc":{"start":{"line":43,"column":31},"end":{"line":49,"column":5}},"line":43},"6":{"name":"dividir","decl":{"start":{"line":51,"column":13},"end":{"line":51,"column":20}},"loc":{"start":{"line":51,"column":27},"end":{"line":62,"column":5}},"line":51},"7":{"name":"potencia","decl":{"start":{"line":64,"column":13},"end":{"line":64,"column":21}},"loc":{"start":{"line":64,"column":38},"end":{"line":70,"column":5}},"line":64},"8":{"name":"raizQuadrada","decl":{"start":{"line":72,"column":13},"end":{"line":72,"column":25}},"loc":{"start":{"line":72,"column":31},"end":{"line":82,"column":5}},"line":72},"9":{"name":"porcentagem","decl":{"start":{"line":84,"column":13},"end":{"line":84,"column":24}},"loc":{"start":{"line":84,"column":39},"end":{"line":90,"column":5}},"line":84},"10":{"name":"obterHistorico","decl":{"start":{"line":92,"column":13},"end":{"line":92,"column":27}},"loc":{"start":{"line":92,"column":30},"end":{"line":94,"column":5}},"line":92},"11":{"name":"limparHistorico","decl":{"start":{"line":96,"column":13},"end":{"line":96,"column":28}},"loc":{"start":{"line":96,"column":31},"end":{"line":98,"column":5}},"line":96},"12":{"name":"calcularExpressao","decl":{"start":{"line":100,"column":13},"end":{"line":100,"column":30}},"loc":{"start":{"line":100,"column":42},"end":{"line":134,"column":5}},"line":100}},"branchMap":{"0":{"loc":{"start":{"line":15,"column":8},"end":{"line":17,"column":9}},"type":"if","locations":[{"start":{"line":15,"column":8},"end":{"line":17,"column":9}},{"start":{},"end":{}}],"line":15},"1":{"loc":{"start":{"line":21,"column":8},"end":{"line":23,"column":9}},"type":"if","locations":[{"start":{"line":21,"column":8},"end":{"line":23,"column":9}},{"start":{},"end":{}}],"line":21},"2":{"loc":{"start":{"line":21,"column":12},"end":{"line":21,"column":49}},"type":"binary-expr","locations":[{"start":{"line":21,"column":12},"end":{"line":21,"column":35}},{"start":{"line":21,"column":39},"end":{"line":21,"column":49}}],"line":21},"3":{"loc":{"start":{"line":55,"column":8},"end":{"line":57,"column":9}},"type":"if","locations":[{"start":{"line":55,"column":8},"end":{"line":57,"column":9}},{"start":{},"end":{}}],"line":55},"4":{"loc":{"start":{"line":75,"column":8},"end":{"line":77,"column":9}},"type":"if","locations":[{"start":{"line":75,"column":8},"end":{"line":77,"column":9}},{"start":{},"end":{}}],"line":75},"5":{"loc":{"start":{"line":101,"column":8},"end":{"line":103,"column":9}},"type":"if","locations":[{"start":{"line":101,"column":8},"end":{"line":103,"column":9}},{"start":{},"end":{}}],"line":101},"6":{"loc":{"start":{"line":109,"column":8},"end":{"line":111,"column":9}},"type":"if","locations":[{"start":{"line":109,"column":8},"end":{"line":111,"column":9}},{"start":{},"end":{}}],"line":109},"7":{"loc":{"start":{"line":125,"column":12},"end":{"line":127,"column":13}},"type":"if","locations":[{"start":{"line":125,"column":12},"end":{"line":127,"column":13}},{"start":{},"end":{}}],"line":125},"8":{"loc":{"start":{"line":125,"column":16},"end":{"line":125,"column":89}},"type":"binary-expr","locations":[{"start":{"line":125,"column":16},"end":{"line":125,"column":45}},{"start":{"line":125,"column":49},"end":{"line":125,"column":65}},{"start":{"line":125,"column":69},"end":{"line":125,"column":89}}],"line":125},"9":{"loc":{"start":{"line":151,"column":0},"end":{"line":155,"column":1}},"type":"if","locations":[{"start":{"line":151,"column":0},"end":{"line":155,"column":1}},{"start":{"line":153,"column":7},"end":{"line":155,"column":1}}],"line":151},"10":{"loc":{"start":{"line":151,"column":4},"end":{"line":151,"column":51}},"type":"binary-expr","locations":[{"start":{"line":151,"column":4},"end":{"line":151,"column":33}},{"start":{"line":151,"column":37},"end":{"line":151,"column":51}}],"line":151}},"s":{"0":1,"1":1,"2":1,"3":137,"4":137,"5":90,"6":253,"7":6,"8":247,"9":107,"10":106,"11":106,"12":106,"13":106,"14":2,"15":1,"16":1,"17":1,"18":1,"19":5,"20":5,"21":5,"22":5,"23":5,"24":6,"25":5,"26":4,"27":2,"28":2,"29":2,"30":2,"31":2,"32":2,"33":2,"34":2,"35":2,"36":1,"37":1,"38":1,"39":0,"40":0,"41":0,"42":6,"43":5,"44":4,"45":4,"46":4,"47":5,"48":30,"49":29,"50":1,"51":28,"52":28,"53":5,"54":23,"55":23,"56":23,"57":19,"58":2,"59":17,"60":17,"61":6,"62":1,"63":1,"64":1,"65":0},"f":{"0":1,"1":137,"2":253,"3":107,"4":2,"5":5,"6":6,"7":2,"8":1,"9":6,"10":5,"11":30,"12":29},"b":{"0":[90,47],"1":[6,247],"2":[253,247],"3":[2,2],"4":[1,0],"5":[1,28],"6":[5,23],"7":[2,17],"8":[19,19,18],"9":[1,0],"10":[1,1]},"_coverageSchema":"1a1c01bbd47fc00a2c39e90264f33305004495a9","hash":"a76650d5baf5ee52ec24827a62b7edd334495108"}
}
