TN:
SF:src\calculadora.js
FN:2,(anonymous_0)
FN:8,adicionarHistorico
FN:20,validarNumero
FN:27,somar
FN:35,subtrair
FN:43,multiplicar
FN:51,dividir
FN:64,potencia
FN:72,raizQuadrada
FN:84,porcentagem
FN:92,obterHistorico
FN:96,limparHistorico
FN:100,calcularExpressao
FNF:13
FNH:13
FNDA:1,(anonymous_0)
FNDA:137,adicionarHistorico
FNDA:253,validarNumero
FNDA:107,somar
FNDA:2,subtrair
FNDA:5,multiplicar
FNDA:6,dividir
FNDA:2,potencia
FNDA:1,raizQuadrada
FNDA:6,porcentagem
FNDA:5,obterHistorico
FNDA:30,limparHistorico
FNDA:29,calcularExpressao
DA:2,1
DA:5,1
DA:6,1
DA:9,137
DA:15,137
DA:16,90
DA:21,253
DA:22,6
DA:24,247
DA:28,107
DA:29,106
DA:30,106
DA:31,106
DA:32,106
DA:36,2
DA:37,1
DA:38,1
DA:39,1
DA:40,1
DA:44,5
DA:45,5
DA:46,5
DA:47,5
DA:48,5
DA:52,6
DA:53,5
DA:55,4
DA:56,2
DA:59,2
DA:60,2
DA:61,2
DA:65,2
DA:66,2
DA:67,2
DA:68,2
DA:69,2
DA:73,1
DA:75,1
DA:76,1
DA:79,0
DA:80,0
DA:81,0
DA:85,6
DA:86,5
DA:87,4
DA:88,4
DA:89,4
DA:93,5
DA:97,30
DA:101,29
DA:102,1
DA:106,28
DA:109,28
DA:110,5
DA:113,23
DA:115,23
DA:123,23
DA:125,19
DA:126,2
DA:129,17
DA:130,17
DA:132,6
DA:136,1
DA:151,1
DA:152,1
DA:154,0
LF:66
LH:62
BRDA:15,0,0,90
BRDA:15,0,1,47
BRDA:21,1,0,6
BRDA:21,1,1,247
BRDA:21,2,0,253
BRDA:21,2,1,247
BRDA:55,3,0,2
BRDA:55,3,1,2
BRDA:75,4,0,1
BRDA:75,4,1,0
BRDA:101,5,0,1
BRDA:101,5,1,28
BRDA:109,6,0,5
BRDA:109,6,1,23
BRDA:125,7,0,2
BRDA:125,7,1,17
BRDA:125,8,0,19
BRDA:125,8,1,19
BRDA:125,8,2,18
BRDA:151,9,0,1
BRDA:151,9,1,0
BRDA:151,10,0,1
BRDA:151,10,1,1
BRF:23
BRH:21
end_of_record
